Using pre-set license
Built from '2020.3/staging' branch; Version is '2020.3.37f1 (8c66806a0c04) revision 9201280'; Using compiler version '192528614'; Build Type 'Release'
OS: 'Windows 10  (10.0.19044) 64bit Professional' Language: 'en' Physical Memory: 14188 MB
BatchMode: 1, IsHumanControllingUs: 0, StartBugReporterOnCrash: 0, Is64bit: 1, IsPro: 0

COMMAND LINE ARGUMENTS:
C:\Program Files\Unity\Hub\Editor\2020.3.37f1\Editor\Unity.exe
-adb2
-batchMode
-noUpm
-name
AssetImportWorker0
-projectPath
A:/Unity Course/Project Boost/Project Boost
-logFile
Logs/AssetImportWorker0.log
-srvPort
55084
Successfully changed project path to: A:/Unity Course/Project Boost/Project Boost
A:/Unity Course/Project Boost/Project Boost
Using Asset Import Pipeline V2.
Refreshing native plugins compatible for Editor in 25.91 ms, found 2 plugins.
Preloading 0 native plugins for Editor in 0.00 ms.
Initialize engine version: 2020.3.37f1 (8c66806a0c04)
[Subsystems] Discovering subsystems at path C:/Program Files/Unity/Hub/Editor/2020.3.37f1/Editor/Data/Resources/UnitySubsystems
[Subsystems] Discovering subsystems at path A:/Unity Course/Project Boost/Project Boost/Assets
GfxDevice: creating device client; threaded=0
Direct3D:
    Version:  Direct3D 11.0 [level 11.1]
    Renderer: NVIDIA GeForce GTX 1650 (ID=0x1f9d)
    Vendor:   
    VRAM:     3965 MB
    Driver:   27.21.14.5756
Initialize mono
Mono path[0] = 'C:/Program Files/Unity/Hub/Editor/2020.3.37f1/Editor/Data/Managed'
Mono path[1] = 'C:/Program Files/Unity/Hub/Editor/2020.3.37f1/Editor/Data/MonoBleedingEdge/lib/mono/unityjit'
Mono config path = 'C:/Program Files/Unity/Hub/Editor/2020.3.37f1/Editor/Data/MonoBleedingEdge/etc'
Using monoOptions --debugger-agent=transport=dt_socket,embedding=1,server=y,suspend=n,address=127.0.0.1:56996
Begin MonoManager ReloadAssembly
Registering precompiled unity dll's ...
Register platform support module: C:/Program Files/Unity/Hub/Editor/2020.3.37f1/Editor/Data/PlaybackEngines/WebGLSupport/UnityEditor.WebGL.Extensions.dll
Register platform support module: C:/Program Files/Unity/Hub/Editor/2020.3.37f1/Editor/Data/PlaybackEngines/WindowsStandaloneSupport/UnityEditor.WindowsStandalone.Extensions.dll
Registered in 0.001999 seconds.
Native extension for WindowsStandalone target not found
Native extension for WebGL target not found
Refreshing native plugins compatible for Editor in 26.72 ms, found 2 plugins.
Preloading 0 native plugins for Editor in 0.00 ms.
Mono: successfully reloaded assembly
- Completed reload, in  0.462 seconds
Domain Reload Profiling:
	ReloadAssembly (462ms)
		BeginReloadAssembly (52ms)
			ExecutionOrderSort (0ms)
			DisableScriptedObjects (0ms)
			BackupInstance (0ms)
			ReleaseScriptingObjects (0ms)
			CreateAndSetChildDomain (1ms)
		EndReloadAssembly (348ms)
			LoadAssemblies (50ms)
			RebuildTransferFunctionScriptingTraits (0ms)
			SetupTypeCache (111ms)
			ReleaseScriptCaches (0ms)
			RebuildScriptCaches (21ms)
			SetupLoadedEditorAssemblies (131ms)
				LogAssemblyErrors (0ms)
				InitializePlatformSupportModulesInManaged (4ms)
				SetLoadedEditorAssemblies (0ms)
				RefreshPlugins (27ms)
				BeforeProcessingInitializeOnLoad (13ms)
				ProcessInitializeOnLoadAttributes (65ms)
				ProcessInitializeOnLoadMethodAttributes (22ms)
				AfterProcessingInitializeOnLoad (0ms)
				EditorAssembliesLoaded (0ms)
			ExecutionOrderSort2 (0ms)
			AwakeInstancesAfterBackupRestoration (0ms)
Platform modules already initialized, skipping
Registering precompiled user dll's ...
Registered in 0.001590 seconds.
Begin MonoManager ReloadAssembly
Native extension for WindowsStandalone target not found
Native extension for WebGL target not found
Refreshing native plugins compatible for Editor in 0.38 ms, found 2 plugins.
Preloading 0 native plugins for Editor in 0.00 ms.
Mono: successfully reloaded assembly
- Completed reload, in  0.735 seconds
Domain Reload Profiling:
	ReloadAssembly (736ms)
		BeginReloadAssembly (116ms)
			ExecutionOrderSort (0ms)
			DisableScriptedObjects (4ms)
			BackupInstance (0ms)
			ReleaseScriptingObjects (0ms)
			CreateAndSetChildDomain (17ms)
		EndReloadAssembly (574ms)
			LoadAssemblies (72ms)
			RebuildTransferFunctionScriptingTraits (0ms)
			SetupTypeCache (179ms)
			ReleaseScriptCaches (0ms)
			RebuildScriptCaches (29ms)
			SetupLoadedEditorAssemblies (242ms)
				LogAssemblyErrors (0ms)
				InitializePlatformSupportModulesInManaged (4ms)
				SetLoadedEditorAssemblies (0ms)
				RefreshPlugins (0ms)
				BeforeProcessingInitializeOnLoad (64ms)
				ProcessInitializeOnLoadAttributes (157ms)
				ProcessInitializeOnLoadMethodAttributes (10ms)
				AfterProcessingInitializeOnLoad (5ms)
				EditorAssembliesLoaded (0ms)
			ExecutionOrderSort2 (0ms)
			AwakeInstancesAfterBackupRestoration (1ms)
Platform modules already initialized, skipping
========================================================================
Worker process is ready to serve import requests
Launched and connected shader compiler UnityShaderCompiler.exe after 0.03 seconds
Refreshing native plugins compatible for Editor in 0.37 ms, found 2 plugins.
Preloading 0 native plugins for Editor in 0.00 ms.
Unloading 1517 Unused Serialized files (Serialized files now loaded: 0)
System memory in use before: 69.0 MB.
System memory in use after: 69.1 MB.

Unloading 17 unused Assets to reduce memory usage. Loaded Objects now: 1953.
Total: 2.308400 ms (FindLiveObjects: 0.110300 ms CreateObjectMapping: 0.031600 ms MarkObjects: 2.090300 ms  DeleteObjects: 0.075500 ms)

AssetImportParameters requested are different than current active one (requested -> active):
  custom:framework-win-MediaFoundation: 216162199b28c13a410421893ffa2e32 -> 
  custom:video-decoder-ogg-theora: a1e56fd34408186e4bbccfd4996cb3dc -> 
  custom:container-muxer-webm: aa71ff27fc2769a1b78a27578f13a17b -> 
  custom:container-demuxer-webm: 4f35f7cbe854078d1ac9338744f61a02 -> 
  custom:container-demuxer-ogg: 62fdf1f143b41e24485cea50d1cbac27 -> 
  custom:video-encoder-webm-vp8: eb34c28f22e8b96e1ab97ce403110664 -> 
  custom:video-decoder-webm-vp8: 9c59270c3fd7afecdb556c50c9e8de78 -> 
  custom:audio-decoder-ogg-vorbis: bf7c407c2cedff20999df2af8eb42d56 -> 
  custom:audio-encoder-webm-vorbis: bf7c407c2cedff20999df2af8eb42d56 -> 
========================================================================
Received Import Request.
  path: Assets
  artifactKey: Guid(00000000000000001000000000000000) Importer(815301076,1909f56bfc062723c751e8b465ee728b)
Start importing Assets using Guid(00000000000000001000000000000000) Importer(815301076,1909f56bfc062723c751e8b465ee728b)  -> (artifact id: '42d402b061de3733987d63b9cc3b64de') in 0.006844 seconds 
========================================================================
Received Import Request.
  Time since last request: 7.005968 seconds.
  path: Assets/Ground.mat
  artifactKey: Guid(07be86da9d6c9f943a6035d240f41b78) Importer(815301076,1909f56bfc062723c751e8b465ee728b)
Start importing Assets/Ground.mat using Guid(07be86da9d6c9f943a6035d240f41b78) Importer(815301076,1909f56bfc062723c751e8b465ee728b)  -> (artifact id: '8974d37ca27840f0c400848a7aae1a25') in 0.079116 seconds 
========================================================================
Received Import Request.
  Time since last request: 194.278667 seconds.
  path: Assets/Launch Pad.mat
  artifactKey: Guid(68a7f3dcf6242514ba5a87266ca96c24) Importer(815301076,1909f56bfc062723c751e8b465ee728b)
Start importing Assets/Launch Pad.mat using Guid(68a7f3dcf6242514ba5a87266ca96c24) Importer(815301076,1909f56bfc062723c751e8b465ee728b)  -> (artifact id: '6c42610878548d944b88904a42bd57de') in 0.015820 seconds 
========================================================================
Received Import Request.
  Time since last request: 93.549485 seconds.
  path: Assets/Landing Pad.mat
  artifactKey: Guid(f0ffbc143a46022499e0dd9ae82c8fdb) Importer(815301076,1909f56bfc062723c751e8b465ee728b)
Start importing Assets/Landing Pad.mat using Guid(f0ffbc143a46022499e0dd9ae82c8fdb) Importer(815301076,1909f56bfc062723c751e8b465ee728b)  -> (artifact id: 'cbfae9fbccd5b39e4f65f6f304009148') in 0.015822 seconds 
========================================================================
Received Import Request.
  Time since last request: 122.208550 seconds.
  path: Assets/Rocket.mat
  artifactKey: Guid(182ef5a12497eac498e9ae5bd51d886d) Importer(815301076,1909f56bfc062723c751e8b465ee728b)
Start importing Assets/Rocket.mat using Guid(182ef5a12497eac498e9ae5bd51d886d) Importer(815301076,1909f56bfc062723c751e8b465ee728b)  -> (artifact id: 'eb91c9f547778ed7089b0321c4e28e62') in 0.012681 seconds 
========================================================================
Received Import Request.
  Time since last request: 38.589468 seconds.
  path: Assets/Ground.mat
  artifactKey: Guid(07be86da9d6c9f943a6035d240f41b78) Importer(815301076,1909f56bfc062723c751e8b465ee728b)
Start importing Assets/Ground.mat using Guid(07be86da9d6c9f943a6035d240f41b78) Importer(815301076,1909f56bfc062723c751e8b465ee728b)  -> (artifact id: 'f1327543a463fdb4b9203b38a4aebedc') in 0.010518 seconds 
========================================================================
Received Import Request.
  Time since last request: 0.000122 seconds.
  path: Assets/Rocket.mat
  artifactKey: Guid(182ef5a12497eac498e9ae5bd51d886d) Importer(815301076,1909f56bfc062723c751e8b465ee728b)
Start importing Assets/Rocket.mat using Guid(182ef5a12497eac498e9ae5bd51d886d) Importer(815301076,1909f56bfc062723c751e8b465ee728b)  -> (artifact id: '39051b56047b21ea4fd778989744df84') in 0.009322 seconds 
========================================================================
Received Import Request.
  Time since last request: 0.000132 seconds.
  path: Assets/Landing Pad.mat
  artifactKey: Guid(f0ffbc143a46022499e0dd9ae82c8fdb) Importer(815301076,1909f56bfc062723c751e8b465ee728b)
Start importing Assets/Landing Pad.mat using Guid(f0ffbc143a46022499e0dd9ae82c8fdb) Importer(815301076,1909f56bfc062723c751e8b465ee728b)  -> (artifact id: 'd658f8489a5f00cbf910bdf7955bf0ec') in 0.009777 seconds 
========================================================================
Received Import Request.
  Time since last request: 0.000149 seconds.
  path: Assets/Launch Pad.mat
  artifactKey: Guid(68a7f3dcf6242514ba5a87266ca96c24) Importer(815301076,1909f56bfc062723c751e8b465ee728b)
Start importing Assets/Launch Pad.mat using Guid(68a7f3dcf6242514ba5a87266ca96c24) Importer(815301076,1909f56bfc062723c751e8b465ee728b)  -> (artifact id: '6b07d1a4362650b61fae1026752fce89') in 0.010061 seconds 
========================================================================
Received Import Request.
  Time since last request: 167.368902 seconds.
  path: Assets/Ground.prefab
  artifactKey: Guid(7cc3a6cb4c209c444998a1b707b0de38) Importer(815301076,1909f56bfc062723c751e8b465ee728b)
Start importing Assets/Ground.prefab using Guid(7cc3a6cb4c209c444998a1b707b0de38) Importer(815301076,1909f56bfc062723c751e8b465ee728b)  -> (artifact id: 'ce1b49dfce76238de453c725bda49ed9') in 0.016273 seconds 
========================================================================
Received Import Request.
  Time since last request: 2.166547 seconds.
  path: Assets/Launch Pad.prefab
  artifactKey: Guid(5f01638cf17ff2242b8152b8b06d7084) Importer(815301076,1909f56bfc062723c751e8b465ee728b)
Start importing Assets/Launch Pad.prefab using Guid(5f01638cf17ff2242b8152b8b06d7084) Importer(815301076,1909f56bfc062723c751e8b465ee728b)  -> (artifact id: '181edff8379962ba055a1b6b21eb83a0') in 0.008531 seconds 
========================================================================
Received Import Request.
  Time since last request: 1.782538 seconds.
  path: Assets/Landing Pad .prefab
  artifactKey: Guid(544b4eea82af9ba4589be2f740d9bd3e) Importer(815301076,1909f56bfc062723c751e8b465ee728b)
Start importing Assets/Landing Pad .prefab using Guid(544b4eea82af9ba4589be2f740d9bd3e) Importer(815301076,1909f56bfc062723c751e8b465ee728b)  -> (artifact id: '53e16e10ac4b5d587f20905c10a7ee8a') in 0.010049 seconds 
========================================================================
Received Import Request.
  Time since last request: 1.813312 seconds.
  path: Assets/Player.prefab
  artifactKey: Guid(5926a0532da509c4da95b4ad865facaa) Importer(815301076,1909f56bfc062723c751e8b465ee728b)
Start importing Assets/Player.prefab using Guid(5926a0532da509c4da95b4ad865facaa) Importer(815301076,1909f56bfc062723c751e8b465ee728b)  -> (artifact id: '4294c73919c3202a102c392c24ad88ae') in 0.013159 seconds 
========================================================================
Received Import Request.
  Time since last request: 195.350594 seconds.
  path: Assets/Scenes
  artifactKey: Guid(6ea315d0fd7389c41b19996891e99ae3) Importer(815301076,1909f56bfc062723c751e8b465ee728b)
Start importing Assets/Scenes using Guid(6ea315d0fd7389c41b19996891e99ae3) Importer(815301076,1909f56bfc062723c751e8b465ee728b)  -> (artifact id: '9168112a17b07f3ee034ca0d2dc1544d') in 0.006491 seconds 
========================================================================
Received Import Request.
  Time since last request: 0.766181 seconds.
  path: Assets/Scenes/SampleScene.unity
  artifactKey: Guid(9fc0d4010bbf28b4594072e72b8655ab) Importer(815301076,1909f56bfc062723c751e8b465ee728b)
Start importing Assets/Scenes/SampleScene.unity using Guid(9fc0d4010bbf28b4594072e72b8655ab) Importer(815301076,1909f56bfc062723c751e8b465ee728b)  -> (artifact id: '2b329ee2dde6277ce1ea93abef7e0f62') in 0.004836 seconds 
========================================================================
Received Import Request.
  Time since last request: 12.996677 seconds.
  path: Assets/Scenes/SandBox.unity
  artifactKey: Guid(9fc0d4010bbf28b4594072e72b8655ab) Importer(815301076,1909f56bfc062723c751e8b465ee728b)
Start importing Assets/Scenes/SandBox.unity using Guid(9fc0d4010bbf28b4594072e72b8655ab) Importer(815301076,1909f56bfc062723c751e8b465ee728b)  -> (artifact id: 'e743cced47668e1bb786540a8c0a0bb7') in 0.004645 seconds 
AssetImportWorkerClient::OnTransportError - code=2 error=End of file
